TN:
SF:src\anagram.js
FN:1,(anonymous_0)
FN:5,formatStr
FNF:2
FNH:2
FNDA:2,(anonymous_0)
FNDA:4,formatStr
DA:1,1
DA:2,2
DA:6,4
DA:9,1
LF:4
LH:4
BRF:0
BRH:0
end_of_record
TN:
SF:src\banco.js
FN:2,(anonymous_0)
FN:9,(anonymous_1)
FN:16,(anonymous_2)
FN:26,(anonymous_3)
FN:33,(anonymous_4)
FN:38,(anonymous_5)
FN:43,(anonymous_6)
FN:48,(anonymous_7)
FN:56,(anonymous_8)
FN:64,(anonymous_9)
FN:71,(anonymous_10)
FN:73,(anonymous_11)
FN:74,(anonymous_12)
FNF:13
FNH:13
FNDA:14,(anonymous_0)
FNDA:5,(anonymous_1)
FNDA:4,(anonymous_2)
FNDA:1,(anonymous_3)
FNDA:1,(anonymous_4)
FNDA:1,(anonymous_5)
FNDA:1,(anonymous_6)
FNDA:2,(anonymous_7)
FNDA:1,(anonymous_8)
FNDA:1,(anonymous_9)
FNDA:1,(anonymous_10)
FNDA:2,(anonymous_11)
FNDA:2,(anonymous_12)
DA:3,14
DA:4,14
DA:5,14
DA:10,5
DA:11,5
DA:12,5
DA:17,4
DA:18,1
DA:20,3
DA:21,3
DA:22,3
DA:27,1
DA:28,1
DA:29,1
DA:34,1
DA:39,1
DA:44,1
DA:49,2
DA:50,1
DA:52,1
DA:57,1
DA:58,1
DA:59,1
DA:60,1
DA:65,1
DA:66,1
DA:67,1
DA:72,1
DA:73,2
DA:74,2
DA:79,1
LF:31
LH:31
BRDA:2,0,0,14
BRDA:17,1,0,1
BRDA:17,1,1,3
BRDA:49,2,0,1
BRDA:49,2,1,1
BRF:5
BRH:5
end_of_record
TN:
SF:src\calculator.js
FN:1,(anonymous_0)
FN:5,(anonymous_1)
FN:9,(anonymous_2)
FN:13,(anonymous_3)
FNF:4
FNH:4
FNDA:1,(anonymous_0)
FNDA:1,(anonymous_1)
FNDA:1,(anonymous_2)
FNDA:1,(anonymous_3)
DA:1,1
DA:2,1
DA:5,1
DA:6,1
DA:9,1
DA:10,1
DA:13,1
DA:14,1
DA:17,1
LF:9
LH:9
BRF:0
BRH:0
end_of_record
TN:
SF:src\carro.js
FN:2,(anonymous_0)
FN:9,(anonymous_1)
FN:15,(anonymous_2)
FNF:3
FNH:3
FNDA:5,(anonymous_0)
FNDA:3,(anonymous_1)
FNDA:2,(anonymous_2)
DA:3,5
DA:4,5
DA:5,5
DA:6,5
DA:10,3
DA:11,2
DA:16,2
DA:20,1
LF:8
LH:8
BRDA:10,0,0,2
BRDA:10,0,1,1
BRF:2
BRH:2
end_of_record
TN:
SF:src\cnh.js
FN:1,(anonymous_0)
FNF:1
FNH:1
FNDA:2,(anonymous_0)
DA:1,1
DA:2,2
DA:5,1
LF:3
LH:3
BRF:0
BRH:0
end_of_record
TN:
SF:src\lista.js
FN:2,(anonymous_0)
FN:6,(anonymous_1)
FN:10,(anonymous_2)
FN:18,(anonymous_3)
FNF:4
FNH:4
FNDA:4,(anonymous_0)
FNDA:8,(anonymous_1)
FNDA:3,(anonymous_2)
FNDA:2,(anonymous_3)
DA:3,4
DA:7,8
DA:11,3
DA:12,3
DA:13,2
DA:15,1
DA:19,2
DA:23,1
LF:8
LH:8
BRDA:12,0,0,2
BRDA:12,0,1,1
BRF:2
BRH:2
end_of_record
TN:
SF:src\pessoa.js
FN:2,(anonymous_0)
FN:7,(anonymous_1)
FN:11,(anonymous_2)
FNF:3
FNH:3
FNDA:4,(anonymous_0)
FNDA:2,(anonymous_1)
FNDA:2,(anonymous_2)
DA:3,4
DA:4,4
DA:8,2
DA:12,2
DA:16,1
LF:5
LH:5
BRF:0
BRH:0
end_of_record
TN:
SF:src\userService.js
FN:2,(anonymous_0)
FN:6,(anonymous_1)
FNF:2
FNH:2
FNDA:2,(anonymous_0)
FNDA:2,(anonymous_1)
DA:3,2
DA:7,2
DA:8,2
DA:9,1
DA:11,1
DA:15,1
LF:6
LH:6
BRDA:8,0,0,1
BRDA:8,0,1,1
BRF:2
BRH:2
end_of_record
TN:
SF:src\utilitarios.js
FN:2,(anonymous_0)
FN:6,(anonymous_1)
FN:10,(anonymous_2)
FN:14,(anonymous_3)
FN:18,(anonymous_4)
FN:22,(anonymous_5)
FN:26,(anonymous_6)
FN:30,(anonymous_7)
FN:34,(anonymous_8)
FN:39,(anonymous_9)
FN:43,(anonymous_10)
FN:47,(anonymous_11)
FN:51,(anonymous_12)
FN:55,(anonymous_13)
FN:59,(anonymous_14)
FN:63,(anonymous_15)
FN:67,(anonymous_16)
FN:71,(anonymous_17)
FN:75,(anonymous_18)
FN:79,(anonymous_19)
FN:83,(anonymous_20)
FN:87,(anonymous_21)
FN:89,(anonymous_22)
FN:92,(anonymous_23)
FN:96,(anonymous_24)
FN:101,(anonymous_25)
FNF:26
FNH:3
FNDA:1,(anonymous_0)
FNDA:0,(anonymous_1)
FNDA:0,(anonymous_2)
FNDA:0,(anonymous_3)
FNDA:0,(anonymous_4)
FNDA:1,(anonymous_5)
FNDA:0,(anonymous_6)
FNDA:0,(anonymous_7)
FNDA:0,(anonymous_8)
FNDA:2,(anonymous_9)
FNDA:0,(anonymous_10)
FNDA:0,(anonymous_11)
FNDA:0,(anonymous_12)
FNDA:0,(anonymous_13)
FNDA:0,(anonymous_14)
FNDA:0,(anonymous_15)
FNDA:0,(anonymous_16)
FNDA:0,(anonymous_17)
FNDA:0,(anonymous_18)
FNDA:0,(anonymous_19)
FNDA:0,(anonymous_20)
FNDA:0,(anonymous_21)
FNDA:0,(anonymous_22)
FNDA:0,(anonymous_23)
FNDA:0,(anonymous_24)
FNDA:0,(anonymous_25)
DA:3,1
DA:7,0
DA:11,0
DA:15,0
DA:19,0
DA:23,1
DA:27,0
DA:31,0
DA:35,0
DA:36,0
DA:40,2
DA:44,0
DA:48,0
DA:52,0
DA:56,0
DA:60,0
DA:64,0
DA:68,0
DA:72,0
DA:76,0
DA:80,0
DA:84,0
DA:88,0
DA:89,0
DA:93,0
DA:97,0
DA:98,0
DA:102,0
DA:106,1
LF:29
LH:4
BRDA:35,0,0,0
BRDA:35,0,1,0
BRDA:63,1,0,0
BRDA:68,2,0,0
BRDA:68,2,1,0
BRDA:79,3,0,0
BRDA:88,4,0,0
BRDA:88,4,1,0
BRF:8
BRH:0
end_of_record
